{"/Users/cristianromero/Workspace/ReactNative/fake_store_app/src/index.tsx": {"path":"/Users/cristianromero/Workspace/ReactNative/fake_store_app/src/index.tsx","statementMap":{"0":{"start":{"line":9,"column":2},"end":{"line":13,"column":4}},"1":{"start":{"line":16,"column":0},"end":{"line":18,"column":1}},"2":{"start":{"line":17,"column":2},"end":{"line":17,"column":85}},"3":{"start":{"line":17,"column":47},"end":{"line":17,"column":83}}},"fnMap":{"0":{"name":"App","decl":{"start":{"line":8,"column":9},"end":{"line":8,"column":12}},"loc":{"start":{"line":8,"column":15},"end":{"line":14,"column":1}},"line":8},"1":{"name":"(anonymous_1)","decl":{"start":{"line":17,"column":41},"end":{"line":17,"column":42}},"loc":{"start":{"line":17,"column":47},"end":{"line":17,"column":83}},"line":17}},"branchMap":{"0":{"loc":{"start":{"line":16,"column":0},"end":{"line":18,"column":1}},"type":"if","locations":[{"start":{"line":16,"column":0},"end":{"line":18,"column":1}},{"start":{},"end":{}}],"line":16}},"s":{"0":0,"1":0,"2":0,"3":0},"f":{"0":0,"1":0},"b":{"0":[0,0]}}
,"/Users/cristianromero/Workspace/ReactNative/fake_store_app/src/store.ts": {"path":"/Users/cristianromero/Workspace/ReactNative/fake_store_app/src/store.ts","statementMap":{},"fnMap":{},"branchMap":{},"s":{},"f":{},"b":{}}
,"/Users/cristianromero/Workspace/ReactNative/fake_store_app/src/components/AppNavigator/index.tsx": {"path":"/Users/cristianromero/Workspace/ReactNative/fake_store_app/src/components/AppNavigator/index.tsx","statementMap":{"0":{"start":{"line":7,"column":2},"end":{"line":11,"column":4}}},"fnMap":{"0":{"name":"AppNavigator","decl":{"start":{"line":6,"column":9},"end":{"line":6,"column":21}},"loc":{"start":{"line":6,"column":24},"end":{"line":12,"column":1}},"line":6}},"branchMap":{},"s":{"0":1},"f":{"0":1},"b":{},"_coverageSchema":"1a1c01bbd47fc00a2c39e90264f33305004495a9","hash":"89767586d6473d132eab1aab0276b31125fe61d6"}
,"/Users/cristianromero/Workspace/ReactNative/fake_store_app/src/components/AppNavigator/navigator.tsx": {"path":"/Users/cristianromero/Workspace/ReactNative/fake_store_app/src/components/AppNavigator/navigator.tsx","statementMap":{"0":{"start":{"line":12,"column":12},"end":{"line":12,"column":55}},"1":{"start":{"line":13,"column":14},"end":{"line":13,"column":59}},"2":{"start":{"line":15,"column":22},"end":{"line":20,"column":1}},"3":{"start":{"line":16,"column":2},"end":{"line":19,"column":20}},"4":{"start":{"line":23,"column":2},"end":{"line":28,"column":4}}},"fnMap":{"0":{"name":"(anonymous_0)","decl":{"start":{"line":15,"column":22},"end":{"line":15,"column":23}},"loc":{"start":{"line":16,"column":2},"end":{"line":19,"column":20}},"line":16},"1":{"name":"Navigator","decl":{"start":{"line":22,"column":9},"end":{"line":22,"column":18}},"loc":{"start":{"line":22,"column":21},"end":{"line":29,"column":1}},"line":22}},"branchMap":{},"s":{"0":1,"1":1,"2":1,"3":2,"4":1},"f":{"0":2,"1":1},"b":{},"_coverageSchema":"1a1c01bbd47fc00a2c39e90264f33305004495a9","hash":"59647cad0439d0c497909c777805509ce83386e2"}
,"/Users/cristianromero/Workspace/ReactNative/fake_store_app/src/components/ErrorFallback/index.tsx": {"path":"/Users/cristianromero/Workspace/ReactNative/fake_store_app/src/components/ErrorFallback/index.tsx","statementMap":{"0":{"start":{"line":8,"column":2},"end":{"line":13,"column":4}}},"fnMap":{"0":{"name":"ErrorFallback","decl":{"start":{"line":7,"column":9},"end":{"line":7,"column":22}},"loc":{"start":{"line":7,"column":69},"end":{"line":14,"column":1}},"line":7}},"branchMap":{},"s":{"0":1},"f":{"0":1},"b":{},"_coverageSchema":"1a1c01bbd47fc00a2c39e90264f33305004495a9","hash":"72d69b0442d7d4c67f223cf01d9587e2211e7cee"}
,"/Users/cristianromero/Workspace/ReactNative/fake_store_app/src/components/FavButton/index.tsx": {"path":"/Users/cristianromero/Workspace/ReactNative/fake_store_app/src/components/FavButton/index.tsx","statementMap":{"0":{"start":{"line":10,"column":2},"end":{"line":14,"column":4}},"1":{"start":{"line":11,"column":62},"end":{"line":11,"column":82}}},"fnMap":{"0":{"name":"FavButton","decl":{"start":{"line":9,"column":9},"end":{"line":9,"column":18}},"loc":{"start":{"line":9,"column":21},"end":{"line":15,"column":1}},"line":9},"1":{"name":"(anonymous_1)","decl":{"start":{"line":11,"column":56},"end":{"line":11,"column":57}},"loc":{"start":{"line":11,"column":62},"end":{"line":11,"column":82}},"line":11}},"branchMap":{},"s":{"0":6,"1":0},"f":{"0":6,"1":0},"b":{},"_coverageSchema":"1a1c01bbd47fc00a2c39e90264f33305004495a9","hash":"71613677c1375145c013ddb60fa79370c61559b7"}
,"/Users/cristianromero/Workspace/ReactNative/fake_store_app/src/components/Header/index.tsx": {"path":"/Users/cristianromero/Workspace/ReactNative/fake_store_app/src/components/Header/index.tsx","statementMap":{"0":{"start":{"line":9,"column":22},"end":{"line":9,"column":25}},"1":{"start":{"line":12,"column":38},"end":{"line":12,"column":50}},"2":{"start":{"line":13,"column":34},"end":{"line":13,"column":78}},"3":{"start":{"line":15,"column":16},"end":{"line":15,"column":40}},"4":{"start":{"line":17,"column":2},"end":{"line":19,"column":42}},"5":{"start":{"line":18,"column":4},"end":{"line":18,"column":38}},"6":{"start":{"line":21,"column":2},"end":{"line":30,"column":4}}},"fnMap":{"0":{"name":"Header","decl":{"start":{"line":11,"column":9},"end":{"line":11,"column":15}},"loc":{"start":{"line":11,"column":90},"end":{"line":31,"column":1}},"line":11},"1":{"name":"(anonymous_1)","decl":{"start":{"line":17,"column":12},"end":{"line":17,"column":13}},"loc":{"start":{"line":17,"column":18},"end":{"line":19,"column":3}},"line":17}},"branchMap":{"0":{"loc":{"start":{"line":26,"column":19},"end":{"line":26,"column":35}},"type":"binary-expr","locations":[{"start":{"line":26,"column":19},"end":{"line":26,"column":29}},{"start":{"line":26,"column":33},"end":{"line":26,"column":35}}],"line":26}},"s":{"0":2,"1":12,"2":12,"3":12,"4":12,"5":9,"6":12},"f":{"0":12,"1":9},"b":{"0":[12,0]},"_coverageSchema":"1a1c01bbd47fc00a2c39e90264f33305004495a9","hash":"15180412277fbc2be5adc0bbddccda5447c161e0"}
,"/Users/cristianromero/Workspace/ReactNative/fake_store_app/src/components/ProductCard/index.tsx": {"path":"/Users/cristianromero/Workspace/ReactNative/fake_store_app/src/components/ProductCard/index.tsx","statementMap":{"0":{"start":{"line":21,"column":6},"end":{"line":21,"column":11}},"1":{"start":{"line":23,"column":21},"end":{"line":23,"column":80}},"2":{"start":{"line":25,"column":2},"end":{"line":42,"column":4}},"3":{"start":{"line":28,"column":21},"end":{"line":28,"column":69}}},"fnMap":{"0":{"name":"ProductCard","decl":{"start":{"line":16,"column":9},"end":{"line":16,"column":20}},"loc":{"start":{"line":16,"column":37},"end":{"line":43,"column":1}},"line":16},"1":{"name":"(anonymous_1)","decl":{"start":{"line":28,"column":15},"end":{"line":28,"column":16}},"loc":{"start":{"line":28,"column":21},"end":{"line":28,"column":69}},"line":28}},"branchMap":{"0":{"loc":{"start":{"line":29,"column":21},"end":{"line":29,"column":50}},"type":"cond-expr","locations":[{"start":{"line":29,"column":29},"end":{"line":29,"column":43}},{"start":{"line":29,"column":46},"end":{"line":29,"column":50}}],"line":29}},"s":{"0":6,"1":6,"2":6,"3":1},"f":{"0":6,"1":1},"b":{"0":[6,0]},"_coverageSchema":"1a1c01bbd47fc00a2c39e90264f33305004495a9","hash":"8b1394d2b00d219c45c2a5973fad1a939e4023ea"}
,"/Users/cristianromero/Workspace/ReactNative/fake_store_app/src/components/TabIcon/constants.ts": {"path":"/Users/cristianromero/Workspace/ReactNative/fake_store_app/src/components/TabIcon/constants.ts","statementMap":{"0":{"start":{"line":7,"column":21},"end":{"line":10,"column":1}}},"fnMap":{},"branchMap":{},"s":{"0":2},"f":{},"b":{},"_coverageSchema":"1a1c01bbd47fc00a2c39e90264f33305004495a9","hash":"dc3e31df94169bd9dcf7188626ef047dd248892b"}
,"/Users/cristianromero/Workspace/ReactNative/fake_store_app/src/components/TabIcon/index.tsx": {"path":"/Users/cristianromero/Workspace/ReactNative/fake_store_app/src/components/TabIcon/index.tsx","statementMap":{"0":{"start":{"line":13,"column":2},"end":{"line":13,"column":85}}},"fnMap":{"0":{"name":"TabIcon","decl":{"start":{"line":12,"column":9},"end":{"line":12,"column":16}},"loc":{"start":{"line":12,"column":43},"end":{"line":14,"column":1}},"line":12}},"branchMap":{"0":{"loc":{"start":{"line":13,"column":51},"end":{"line":13,"column":80}},"type":"cond-expr","locations":[{"start":{"line":13,"column":61},"end":{"line":13,"column":68}},{"start":{"line":13,"column":71},"end":{"line":13,"column":80}}],"line":13}},"s":{"0":9},"f":{"0":9},"b":{"0":[5,4]},"_coverageSchema":"1a1c01bbd47fc00a2c39e90264f33305004495a9","hash":"15ae264e89dca75e6e2a254306572ae5b8b22cd1"}
,"/Users/cristianromero/Workspace/ReactNative/fake_store_app/src/hooks/useDebounce.ts": {"path":"/Users/cristianromero/Workspace/ReactNative/fake_store_app/src/hooks/useDebounce.ts","statementMap":{"0":{"start":{"line":3,"column":22},"end":{"line":3,"column":25}},"1":{"start":{"line":5,"column":20},"end":{"line":30,"column":1}},"2":{"start":{"line":9,"column":44},"end":{"line":9,"column":68}},"3":{"start":{"line":10,"column":36},"end":{"line":10,"column":51}},"4":{"start":{"line":12,"column":2},"end":{"line":22,"column":48}},"5":{"start":{"line":13,"column":4},"end":{"line":13,"column":23}},"6":{"start":{"line":14,"column":20},"end":{"line":17,"column":13}},"7":{"start":{"line":15,"column":6},"end":{"line":15,"column":39}},"8":{"start":{"line":16,"column":6},"end":{"line":16,"column":26}},"9":{"start":{"line":19,"column":4},"end":{"line":21,"column":6}},"10":{"start":{"line":20,"column":6},"end":{"line":20,"column":28}},"11":{"start":{"line":24,"column":2},"end":{"line":29,"column":4}},"12":{"start":{"line":26,"column":6},"end":{"line":26,"column":30}}},"fnMap":{"0":{"name":"(anonymous_0)","decl":{"start":{"line":5,"column":20},"end":{"line":5,"column":21}},"loc":{"start":{"line":8,"column":36},"end":{"line":30,"column":1}},"line":8},"1":{"name":"(anonymous_1)","decl":{"start":{"line":12,"column":12},"end":{"line":12,"column":13}},"loc":{"start":{"line":12,"column":18},"end":{"line":22,"column":3}},"line":12},"2":{"name":"(anonymous_2)","decl":{"start":{"line":14,"column":31},"end":{"line":14,"column":32}},"loc":{"start":{"line":14,"column":37},"end":{"line":17,"column":5}},"line":14},"3":{"name":"(anonymous_3)","decl":{"start":{"line":19,"column":11},"end":{"line":19,"column":12}},"loc":{"start":{"line":19,"column":17},"end":{"line":21,"column":5}},"line":19},"4":{"name":"(anonymous_4)","decl":{"start":{"line":25,"column":4},"end":{"line":25,"column":5}},"loc":{"start":{"line":25,"column":18},"end":{"line":27,"column":5}},"line":25}},"branchMap":{"0":{"loc":{"start":{"line":7,"column":2},"end":{"line":7,"column":23}},"type":"default-arg","locations":[{"start":{"line":7,"column":10},"end":{"line":7,"column":23}}],"line":7}},"s":{"0":2,"1":2,"2":12,"3":12,"4":12,"5":9,"6":9,"7":0,"8":0,"9":9,"10":9,"11":12,"12":9},"f":{"0":12,"1":9,"2":0,"3":9,"4":9},"b":{"0":[0]},"_coverageSchema":"1a1c01bbd47fc00a2c39e90264f33305004495a9","hash":"4a40b796adf5a847a90101db8282d7fd989a61ba"}
,"/Users/cristianromero/Workspace/ReactNative/fake_store_app/src/interfaces/global.ts": {"path":"/Users/cristianromero/Workspace/ReactNative/fake_store_app/src/interfaces/global.ts","statementMap":{},"fnMap":{},"branchMap":{},"s":{},"f":{},"b":{}}
,"/Users/cristianromero/Workspace/ReactNative/fake_store_app/src/interfaces/product.ts": {"path":"/Users/cristianromero/Workspace/ReactNative/fake_store_app/src/interfaces/product.ts","statementMap":{},"fnMap":{},"branchMap":{},"s":{},"f":{},"b":{}}
,"/Users/cristianromero/Workspace/ReactNative/fake_store_app/src/interfaces/reactotron.ts": {"path":"/Users/cristianromero/Workspace/ReactNative/fake_store_app/src/interfaces/reactotron.ts","statementMap":{},"fnMap":{},"branchMap":{},"s":{},"f":{},"b":{}}
,"/Users/cristianromero/Workspace/ReactNative/fake_store_app/src/interfaces/suggestionsForm.ts": {"path":"/Users/cristianromero/Workspace/ReactNative/fake_store_app/src/interfaces/suggestionsForm.ts","statementMap":{},"fnMap":{},"branchMap":{},"s":{},"f":{},"b":{}}
,"/Users/cristianromero/Workspace/ReactNative/fake_store_app/src/screens/Detail/index.tsx": {"path":"/Users/cristianromero/Workspace/ReactNative/fake_store_app/src/screens/Detail/index.tsx","statementMap":{"0":{"start":{"line":15,"column":21},"end":{"line":15,"column":59}},"1":{"start":{"line":16,"column":55},"end":{"line":16,"column":72}},"2":{"start":{"line":17,"column":16},"end":{"line":17,"column":40}},"3":{"start":{"line":19,"column":2},"end":{"line":44,"column":4}}},"fnMap":{"0":{"name":"Detail","decl":{"start":{"line":14,"column":9},"end":{"line":14,"column":15}},"loc":{"start":{"line":14,"column":18},"end":{"line":45,"column":1}},"line":14}},"branchMap":{"0":{"loc":{"start":{"line":25,"column":25},"end":{"line":25,"column":58}},"type":"cond-expr","locations":[{"start":{"line":25,"column":33},"end":{"line":25,"column":47}},{"start":{"line":25,"column":50},"end":{"line":25,"column":58}}],"line":25}},"s":{"0":2,"1":2,"2":2,"3":2},"f":{"0":2},"b":{"0":[2,0]},"_coverageSchema":"1a1c01bbd47fc00a2c39e90264f33305004495a9","hash":"da848d02ef3f87a78449d126514ab4d62fd438ff"}
,"/Users/cristianromero/Workspace/ReactNative/fake_store_app/src/screens/Home/index.tsx": {"path":"/Users/cristianromero/Workspace/ReactNative/fake_store_app/src/screens/Home/index.tsx","statementMap":{"0":{"start":{"line":14,"column":28},"end":{"line":14,"column":40}},"1":{"start":{"line":15,"column":34},"end":{"line":15,"column":57}},"2":{"start":{"line":17,"column":2},"end":{"line":28,"column":9}},"3":{"start":{"line":18,"column":26},"end":{"line":25,"column":5}},"4":{"start":{"line":19,"column":47},"end":{"line":19,"column":73}},"5":{"start":{"line":20,"column":6},"end":{"line":24,"column":7}},"6":{"start":{"line":21,"column":8},"end":{"line":23,"column":11}},"7":{"start":{"line":22,"column":10},"end":{"line":22,"column":43}},"8":{"start":{"line":27,"column":4},"end":{"line":27,"column":20}},"9":{"start":{"line":30,"column":27},"end":{"line":33,"column":3}},"10":{"start":{"line":31,"column":10},"end":{"line":31,"column":92}},"11":{"start":{"line":31,"column":41},"end":{"line":31,"column":91}},"12":{"start":{"line":35,"column":46},"end":{"line":35,"column":85}},"13":{"start":{"line":35,"column":60},"end":{"line":35,"column":85}},"14":{"start":{"line":37,"column":50},"end":{"line":37,"column":72}},"15":{"start":{"line":37,"column":62},"end":{"line":37,"column":72}},"16":{"start":{"line":39,"column":2},"end":{"line":51,"column":4}},"17":{"start":{"line":41,"column":63},"end":{"line":41,"column":83}}},"fnMap":{"0":{"name":"Home","decl":{"start":{"line":13,"column":9},"end":{"line":13,"column":13}},"loc":{"start":{"line":13,"column":16},"end":{"line":52,"column":1}},"line":13},"1":{"name":"(anonymous_1)","decl":{"start":{"line":17,"column":12},"end":{"line":17,"column":13}},"loc":{"start":{"line":17,"column":18},"end":{"line":28,"column":3}},"line":17},"2":{"name":"(anonymous_2)","decl":{"start":{"line":18,"column":26},"end":{"line":18,"column":27}},"loc":{"start":{"line":18,"column":38},"end":{"line":25,"column":5}},"line":18},"3":{"name":"(anonymous_3)","decl":{"start":{"line":21,"column":12},"end":{"line":21,"column":13}},"loc":{"start":{"line":21,"column":18},"end":{"line":23,"column":9}},"line":21},"4":{"name":"(anonymous_4)","decl":{"start":{"line":31,"column":4},"end":{"line":31,"column":5}},"loc":{"start":{"line":31,"column":10},"end":{"line":31,"column":92}},"line":31},"5":{"name":"(anonymous_5)","decl":{"start":{"line":31,"column":26},"end":{"line":31,"column":27}},"loc":{"start":{"line":31,"column":41},"end":{"line":31,"column":91}},"line":31},"6":{"name":"(anonymous_6)","decl":{"start":{"line":35,"column":46},"end":{"line":35,"column":47}},"loc":{"start":{"line":35,"column":60},"end":{"line":35,"column":85}},"line":35},"7":{"name":"(anonymous_7)","decl":{"start":{"line":37,"column":50},"end":{"line":37,"column":51}},"loc":{"start":{"line":37,"column":62},"end":{"line":37,"column":72}},"line":37},"8":{"name":"(anonymous_8)","decl":{"start":{"line":41,"column":38},"end":{"line":41,"column":39}},"loc":{"start":{"line":41,"column":63},"end":{"line":41,"column":83}},"line":41}},"branchMap":{"0":{"loc":{"start":{"line":20,"column":6},"end":{"line":24,"column":7}},"type":"if","locations":[{"start":{"line":20,"column":6},"end":{"line":24,"column":7}},{"start":{},"end":{}}],"line":20},"1":{"loc":{"start":{"line":22,"column":22},"end":{"line":22,"column":41}},"type":"binary-expr","locations":[{"start":{"line":22,"column":22},"end":{"line":22,"column":35}},{"start":{"line":22,"column":39},"end":{"line":22,"column":41}}],"line":22},"2":{"loc":{"start":{"line":41,"column":72},"end":{"line":41,"column":82}},"type":"binary-expr","locations":[{"start":{"line":41,"column":72},"end":{"line":41,"column":76}},{"start":{"line":41,"column":80},"end":{"line":41,"column":82}}],"line":41},"3":{"loc":{"start":{"line":46,"column":16},"end":{"line":46,"column":51}},"type":"cond-expr","locations":[{"start":{"line":46,"column":24},"end":{"line":46,"column":40}},{"start":{"line":46,"column":43},"end":{"line":46,"column":51}}],"line":46}},"s":{"0":6,"1":6,"2":6,"3":3,"4":3,"5":3,"6":3,"7":3,"8":3,"9":6,"10":6,"11":6,"12":6,"13":6,"14":6,"15":6,"16":6,"17":0},"f":{"0":6,"1":3,"2":3,"3":3,"4":6,"5":6,"6":6,"7":6,"8":0},"b":{"0":[3,0],"1":[3,0],"2":[0,0],"3":[0,6]},"_coverageSchema":"1a1c01bbd47fc00a2c39e90264f33305004495a9","hash":"19ad19cf8d3eb84a01fbb88762459ae7ff90c6b0"}
,"/Users/cristianromero/Workspace/ReactNative/fake_store_app/src/screens/Support/index.tsx": {"path":"/Users/cristianromero/Workspace/ReactNative/fake_store_app/src/screens/Support/index.tsx","statementMap":{"0":{"start":{"line":17,"column":6},"end":{"line":21,"column":4}},"1":{"start":{"line":23,"column":16},"end":{"line":23,"column":41}},"2":{"start":{"line":25,"column":17},"end":{"line":25,"column":34}},"3":{"start":{"line":27,"column":25},"end":{"line":33,"column":5}},"4":{"start":{"line":27,"column":49},"end":{"line":33,"column":3}},"5":{"start":{"line":35,"column":19},"end":{"line":38,"column":3}},"6":{"start":{"line":36,"column":4},"end":{"line":36,"column":12}},"7":{"start":{"line":37,"column":4},"end":{"line":37,"column":21}},"8":{"start":{"line":40,"column":2},"end":{"line":104,"column":4}},"9":{"start":{"line":48,"column":10},"end":{"line":55,"column":12}},"10":{"start":{"line":64,"column":10},"end":{"line":71,"column":12}},"11":{"start":{"line":83,"column":10},"end":{"line":90,"column":12}}},"fnMap":{"0":{"name":"Support","decl":{"start":{"line":11,"column":9},"end":{"line":11,"column":16}},"loc":{"start":{"line":11,"column":19},"end":{"line":105,"column":1}},"line":11},"1":{"name":"(anonymous_1)","decl":{"start":{"line":27,"column":42},"end":{"line":27,"column":43}},"loc":{"start":{"line":27,"column":49},"end":{"line":33,"column":3}},"line":27},"2":{"name":"(anonymous_2)","decl":{"start":{"line":35,"column":19},"end":{"line":35,"column":20}},"loc":{"start":{"line":35,"column":25},"end":{"line":38,"column":3}},"line":35},"3":{"name":"(anonymous_3)","decl":{"start":{"line":47,"column":16},"end":{"line":47,"column":17}},"loc":{"start":{"line":48,"column":10},"end":{"line":55,"column":12}},"line":48},"4":{"name":"(anonymous_4)","decl":{"start":{"line":63,"column":16},"end":{"line":63,"column":17}},"loc":{"start":{"line":64,"column":10},"end":{"line":71,"column":12}},"line":64},"5":{"name":"(anonymous_5)","decl":{"start":{"line":82,"column":16},"end":{"line":82,"column":17}},"loc":{"start":{"line":83,"column":10},"end":{"line":90,"column":12}},"line":83}},"branchMap":{"0":{"loc":{"start":{"line":59,"column":7},"end":{"line":59,"column":77}},"type":"binary-expr","locations":[{"start":{"line":59,"column":7},"end":{"line":59,"column":18}},{"start":{"line":59,"column":22},"end":{"line":59,"column":77}}],"line":59},"1":{"loc":{"start":{"line":94,"column":7},"end":{"line":94,"column":91}},"type":"binary-expr","locations":[{"start":{"line":94,"column":7},"end":{"line":94,"column":25}},{"start":{"line":94,"column":29},"end":{"line":94,"column":91}}],"line":94},"2":{"loc":{"start":{"line":102,"column":7},"end":{"line":102,"column":77}},"type":"binary-expr","locations":[{"start":{"line":102,"column":7},"end":{"line":102,"column":25}},{"start":{"line":102,"column":29},"end":{"line":102,"column":77}}],"line":102}},"s":{"0":4,"1":4,"2":4,"3":4,"4":4,"5":4,"6":0,"7":0,"8":4,"9":5,"10":5,"11":5},"f":{"0":4,"1":4,"2":0,"3":5,"4":5,"5":5},"b":{"0":[4,1],"1":[4,0],"2":[4,0]},"_coverageSchema":"1a1c01bbd47fc00a2c39e90264f33305004495a9","hash":"9caceb918ce49a5e993c608c10fabe0670466e1c"}
,"/Users/cristianromero/Workspace/ReactNative/fake_store_app/src/utils/strings.ts": {"path":"/Users/cristianromero/Workspace/ReactNative/fake_store_app/src/utils/strings.ts","statementMap":{"0":{"start":{"line":1,"column":14},"end":{"line":1,"column":16}},"1":{"start":{"line":2,"column":28},"end":{"line":2,"column":105}},"2":{"start":{"line":2,"column":47},"end":{"line":2,"column":104}}},"fnMap":{"0":{"name":"(anonymous_0)","decl":{"start":{"line":2,"column":28},"end":{"line":2,"column":29}},"loc":{"start":{"line":2,"column":47},"end":{"line":2,"column":104}},"line":2}},"branchMap":{"0":{"loc":{"start":{"line":2,"column":47},"end":{"line":2,"column":104}},"type":"cond-expr","locations":[{"start":{"line":2,"column":69},"end":{"line":2,"column":97}},{"start":{"line":2,"column":100},"end":{"line":2,"column":104}}],"line":2}},"s":{"0":2,"1":2,"2":6},"f":{"0":6},"b":{"0":[3,3]},"_coverageSchema":"1a1c01bbd47fc00a2c39e90264f33305004495a9","hash":"2032bcd236aabb0dd3efae616486d06c25909f53"}
}
