TN:
SF:src/index.tsx
FN:8,App
FN:17,(anonymous_1)
FNF:2
FNH:0
FNDA:0,App
FNDA:0,(anonymous_1)
DA:9,0
DA:16,0
DA:17,0
LF:3
LH:0
BRDA:16,0,0,0
BRDA:16,0,1,0
BRF:2
BRH:0
end_of_record
TN:
SF:src/store.ts
FNF:0
FNH:0
LF:0
LH:0
BRF:0
BRH:0
end_of_record
TN:
SF:src/components/AppNavigator/index.tsx
FN:6,AppNavigator
FNF:1
FNH:1
FNDA:1,AppNavigator
DA:7,1
LF:1
LH:1
BRF:0
BRH:0
end_of_record
TN:
SF:src/components/AppNavigator/navigator.tsx
FN:15,(anonymous_0)
FN:22,Navigator
FNF:2
FNH:2
FNDA:2,(anonymous_0)
FNDA:1,Navigator
DA:12,1
DA:13,1
DA:15,1
DA:16,2
DA:23,1
LF:5
LH:5
BRF:0
BRH:0
end_of_record
TN:
SF:src/components/ErrorFallback/index.tsx
FN:7,ErrorFallback
FNF:1
FNH:1
FNDA:1,ErrorFallback
DA:8,1
LF:1
LH:1
BRF:0
BRH:0
end_of_record
TN:
SF:src/components/FavButton/index.tsx
FN:9,FavButton
FN:11,(anonymous_1)
FNF:2
FNH:1
FNDA:6,FavButton
FNDA:0,(anonymous_1)
DA:10,6
DA:11,0
LF:2
LH:1
BRF:0
BRH:0
end_of_record
TN:
SF:src/components/Header/index.tsx
FN:11,Header
FN:17,(anonymous_1)
FNF:2
FNH:2
FNDA:12,Header
FNDA:9,(anonymous_1)
DA:9,2
DA:12,12
DA:13,12
DA:15,12
DA:17,12
DA:18,9
DA:21,12
LF:7
LH:7
BRDA:26,0,0,12
BRDA:26,0,1,0
BRF:2
BRH:1
end_of_record
TN:
SF:src/components/ProductCard/index.tsx
FN:16,ProductCard
FN:28,(anonymous_1)
FNF:2
FNH:2
FNDA:6,ProductCard
FNDA:1,(anonymous_1)
DA:21,6
DA:23,6
DA:25,6
DA:28,1
LF:4
LH:4
BRDA:29,0,0,6
BRDA:29,0,1,0
BRF:2
BRH:1
end_of_record
TN:
SF:src/components/TabIcon/constants.ts
FNF:0
FNH:0
DA:7,2
LF:1
LH:1
BRF:0
BRH:0
end_of_record
TN:
SF:src/components/TabIcon/index.tsx
FN:12,TabIcon
FNF:1
FNH:1
FNDA:9,TabIcon
DA:13,9
LF:1
LH:1
BRDA:13,0,0,5
BRDA:13,0,1,4
BRF:2
BRH:2
end_of_record
TN:
SF:src/hooks/useDebounce.ts
FN:5,(anonymous_0)
FN:12,(anonymous_1)
FN:14,(anonymous_2)
FN:19,(anonymous_3)
FN:25,(anonymous_4)
FNF:5
FNH:4
FNDA:12,(anonymous_0)
FNDA:9,(anonymous_1)
FNDA:0,(anonymous_2)
FNDA:9,(anonymous_3)
FNDA:9,(anonymous_4)
DA:3,2
DA:5,2
DA:9,12
DA:10,12
DA:12,12
DA:13,9
DA:14,9
DA:15,0
DA:16,0
DA:19,9
DA:20,9
DA:24,12
DA:26,9
LF:13
LH:11
BRDA:7,0,0,0
BRF:1
BRH:0
end_of_record
TN:
SF:src/interfaces/global.ts
FNF:0
FNH:0
LF:0
LH:0
BRF:0
BRH:0
end_of_record
TN:
SF:src/interfaces/product.ts
FNF:0
FNH:0
LF:0
LH:0
BRF:0
BRH:0
end_of_record
TN:
SF:src/interfaces/reactotron.ts
FNF:0
FNH:0
LF:0
LH:0
BRF:0
BRH:0
end_of_record
TN:
SF:src/interfaces/suggestionsForm.ts
FNF:0
FNH:0
LF:0
LH:0
BRF:0
BRH:0
end_of_record
TN:
SF:src/screens/Detail/index.tsx
FN:14,Detail
FNF:1
FNH:1
FNDA:2,Detail
DA:15,2
DA:16,2
DA:17,2
DA:19,2
LF:4
LH:4
BRDA:25,0,0,2
BRDA:25,0,1,0
BRF:2
BRH:1
end_of_record
TN:
SF:src/screens/Home/index.tsx
FN:13,Home
FN:17,(anonymous_1)
FN:18,(anonymous_2)
FN:21,(anonymous_3)
FN:31,(anonymous_4)
FN:31,(anonymous_5)
FN:35,(anonymous_6)
FN:37,(anonymous_7)
FN:41,(anonymous_8)
FNF:9
FNH:8
FNDA:6,Home
FNDA:3,(anonymous_1)
FNDA:3,(anonymous_2)
FNDA:3,(anonymous_3)
FNDA:6,(anonymous_4)
FNDA:6,(anonymous_5)
FNDA:6,(anonymous_6)
FNDA:6,(anonymous_7)
FNDA:0,(anonymous_8)
DA:14,6
DA:15,6
DA:17,6
DA:18,3
DA:19,3
DA:20,3
DA:21,3
DA:22,3
DA:27,3
DA:30,6
DA:31,6
DA:35,6
DA:37,6
DA:39,6
DA:41,0
LF:15
LH:14
BRDA:20,0,0,3
BRDA:20,0,1,0
BRDA:22,1,0,3
BRDA:22,1,1,0
BRDA:41,2,0,0
BRDA:41,2,1,0
BRDA:46,3,0,0
BRDA:46,3,1,6
BRF:8
BRH:3
end_of_record
TN:
SF:src/screens/Support/index.tsx
FN:11,Support
FN:27,(anonymous_1)
FN:35,(anonymous_2)
FN:47,(anonymous_3)
FN:63,(anonymous_4)
FN:82,(anonymous_5)
FNF:6
FNH:5
FNDA:4,Support
FNDA:4,(anonymous_1)
FNDA:0,(anonymous_2)
FNDA:5,(anonymous_3)
FNDA:5,(anonymous_4)
FNDA:5,(anonymous_5)
DA:17,4
DA:23,4
DA:25,4
DA:27,4
DA:35,4
DA:36,0
DA:37,0
DA:40,4
DA:48,5
DA:64,5
DA:83,5
LF:11
LH:9
BRDA:59,0,0,4
BRDA:59,0,1,1
BRDA:94,1,0,4
BRDA:94,1,1,0
BRDA:102,2,0,4
BRDA:102,2,1,0
BRF:6
BRH:4
end_of_record
TN:
SF:src/utils/strings.ts
FN:2,(anonymous_0)
FNF:1
FNH:1
FNDA:6,(anonymous_0)
DA:1,2
DA:2,6
LF:2
LH:2
BRDA:2,0,0,3
BRDA:2,0,1,3
BRF:2
BRH:2
end_of_record
